2025-07-24 14:58:57,764 [NetworkIntel] [Scanner     ] [INFO] - Luồng Quét Mạng đã bắt đầu.
2025-07-24 14:58:57,765 [NetworkIntel] [MainThread  ] [INFO] - API Server bắt đầu phục vụ trên 0.0.0.0:8080
2025-07-24 14:58:57,773 [NetworkIntel] [MainThread  ] [INFO] - Serving on http://0.0.0.0:8080
2025-07-24 14:58:57,787 [NetworkIntel] [Scanner     ] [INFO] - Quét hoàn tất. Đã cập nhật trạng thái của 2 node đang hoạt động.
2025-07-24 14:59:07,900 [NetworkIntel] [waitress-0  ] [INFO] - Truy vấn số dư cho SOea3e0f46... từ node tốt nhất: http://192.168.1.222:5792
2025-07-24 14:59:12,814 [NetworkIntel] [Scanner     ] [INFO] - Quét hoàn tất. Đã cập nhật trạng thái của 2 node đang hoạt động.
2025-07-24 14:59:27,830 [NetworkIntel] [Scanner     ] [INFO] - Quét hoàn tất. Đã cập nhật trạng thái của 2 node đang hoạt động.
2025-07-24 14:59:42,845 [NetworkIntel] [Scanner     ] [INFO] - Quét hoàn tất. Đã cập nhật trạng thái của 2 node đang hoạt động.
2025-07-24 14:59:57,861 [NetworkIntel] [Scanner     ] [INFO] - Quét hoàn tất. Đã cập nhật trạng thái của 2 node đang hoạt động.
2025-07-24 15:00:12,885 [NetworkIntel] [Scanner     ] [INFO] - Quét hoàn tất. Đã cập nhật trạng thái của 2 node đang hoạt động.
2025-07-24 15:00:27,908 [NetworkIntel] [Scanner     ] [INFO] - Quét hoàn tất. Đã cập nhật trạng thái của 2 node đang hoạt động.
2025-07-24 15:00:42,923 [NetworkIntel] [Scanner     ] [INFO] - Quét hoàn tất. Đã cập nhật trạng thái của 2 node đang hoạt động.
2025-07-24 15:00:57,940 [NetworkIntel] [Scanner     ] [INFO] - Quét hoàn tất. Đã cập nhật trạng thái của 2 node đang hoạt động.
2025-07-24 15:01:12,954 [NetworkIntel] [Scanner     ] [INFO] - Quét hoàn tất. Đã cập nhật trạng thái của 2 node đang hoạt động.
2025-07-24 15:01:17,768 [NetworkIntel] [waitress-1  ] [INFO] - Truy vấn số dư cho SO04fabbd2... từ node tốt nhất: http://192.168.1.222:5792
2025-07-24 15:01:27,995 [NetworkIntel] [Scanner     ] [INFO] - Quét hoàn tất. Đã cập nhật trạng thái của 2 node đang hoạt động.
2025-07-24 15:01:43,017 [NetworkIntel] [Scanner     ] [INFO] - Quét hoàn tất. Đã cập nhật trạng thái của 2 node đang hoạt động.
2025-07-24 15:01:58,057 [NetworkIntel] [Scanner     ] [INFO] - Quét hoàn tất. Đã cập nhật trạng thái của 2 node đang hoạt động.
2025-07-24 15:02:13,080 [NetworkIntel] [Scanner     ] [INFO] - Quét hoàn tất. Đã cập nhật trạng thái của 2 node đang hoạt động.
2025-07-24 15:02:28,104 [NetworkIntel] [Scanner     ] [INFO] - Quét hoàn tất. Đã cập nhật trạng thái của 2 node đang hoạt động.
2025-07-24 15:02:43,137 [NetworkIntel] [Scanner     ] [INFO] - Quét hoàn tất. Đã cập nhật trạng thái của 2 node đang hoạt động.
2025-07-24 15:02:58,171 [NetworkIntel] [Scanner     ] [INFO] - Quét hoàn tất. Đã cập nhật trạng thái của 2 node đang hoạt động.
2025-07-24 15:03:13,205 [NetworkIntel] [Scanner     ] [INFO] - Quét hoàn tất. Đã cập nhật trạng thái của 2 node đang hoạt động.
2025-07-24 15:03:15,961 [NetworkIntel] [waitress-2  ] [INFO] - Truy vấn số dư cho SO04fabbd2... từ node tốt nhất: http://192.168.1.222:5792
2025-07-24 15:03:28,244 [NetworkIntel] [Scanner     ] [INFO] - Quét hoàn tất. Đã cập nhật trạng thái của 2 node đang hoạt động.
2025-07-24 15:03:43,267 [NetworkIntel] [Scanner     ] [INFO] - Quét hoàn tất. Đã cập nhật trạng thái của 2 node đang hoạt động.
2025-07-24 15:03:58,288 [NetworkIntel] [Scanner     ] [INFO] - Quét hoàn tất. Đã cập nhật trạng thái của 2 node đang hoạt động.
2025-07-24 15:04:13,322 [NetworkIntel] [Scanner     ] [INFO] - Quét hoàn tất. Đã cập nhật trạng thái của 2 node đang hoạt động.
2025-07-24 15:04:28,378 [NetworkIntel] [Scanner     ] [INFO] - Quét hoàn tất. Đã cập nhật trạng thái của 2 node đang hoạt động.
2025-07-24 15:04:43,452 [NetworkIntel] [Scanner     ] [INFO] - Quét hoàn tất. Đã cập nhật trạng thái của 2 node đang hoạt động.
2025-07-24 15:04:58,496 [NetworkIntel] [Scanner     ] [INFO] - Quét hoàn tất. Đã cập nhật trạng thái của 2 node đang hoạt động.
2025-07-24 15:05:13,517 [NetworkIntel] [Scanner     ] [INFO] - Quét hoàn tất. Đã cập nhật trạng thái của 2 node đang hoạt động.
2025-07-24 15:05:28,538 [NetworkIntel] [Scanner     ] [INFO] - Quét hoàn tất. Đã cập nhật trạng thái của 2 node đang hoạt động.
2025-07-24 15:05:43,584 [NetworkIntel] [Scanner     ] [INFO] - Quét hoàn tất. Đã cập nhật trạng thái của 2 node đang hoạt động.
2025-07-24 15:05:58,617 [NetworkIntel] [Scanner     ] [INFO] - Quét hoàn tất. Đã cập nhật trạng thái của 2 node đang hoạt động.
2025-07-24 15:06:13,656 [NetworkIntel] [Scanner     ] [INFO] - Quét hoàn tất. Đã cập nhật trạng thái của 2 node đang hoạt động.
2025-07-24 15:06:28,712 [NetworkIntel] [Scanner     ] [INFO] - Quét hoàn tất. Đã cập nhật trạng thái của 2 node đang hoạt động.
2025-07-24 15:06:43,786 [NetworkIntel] [Scanner     ] [INFO] - Quét hoàn tất. Đã cập nhật trạng thái của 2 node đang hoạt động.
2025-07-24 15:06:58,831 [NetworkIntel] [Scanner     ] [INFO] - Quét hoàn tất. Đã cập nhật trạng thái của 2 node đang hoạt động.
2025-07-24 15:07:13,924 [NetworkIntel] [Scanner     ] [INFO] - Quét hoàn tất. Đã cập nhật trạng thái của 2 node đang hoạt động.
2025-07-24 15:07:29,001 [NetworkIntel] [Scanner     ] [INFO] - Quét hoàn tất. Đã cập nhật trạng thái của 2 node đang hoạt động.
2025-07-24 15:07:44,030 [NetworkIntel] [Scanner     ] [INFO] - Quét hoàn tất. Đã cập nhật trạng thái của 2 node đang hoạt động.
2025-07-24 15:07:59,062 [NetworkIntel] [Scanner     ] [INFO] - Quét hoàn tất. Đã cập nhật trạng thái của 2 node đang hoạt động.
2025-07-24 15:08:14,098 [NetworkIntel] [Scanner     ] [INFO] - Quét hoàn tất. Đã cập nhật trạng thái của 2 node đang hoạt động.
2025-07-24 15:08:29,128 [NetworkIntel] [Scanner     ] [INFO] - Quét hoàn tất. Đã cập nhật trạng thái của 2 node đang hoạt động.
2025-07-24 15:08:44,157 [NetworkIntel] [Scanner     ] [INFO] - Quét hoàn tất. Đã cập nhật trạng thái của 2 node đang hoạt động.
2025-07-24 15:08:59,174 [NetworkIntel] [Scanner     ] [INFO] - Quét hoàn tất. Đã cập nhật trạng thái của 2 node đang hoạt động.
2025-07-24 15:09:14,224 [NetworkIntel] [Scanner     ] [INFO] - Quét hoàn tất. Đã cập nhật trạng thái của 2 node đang hoạt động.
2025-07-24 15:09:29,298 [NetworkIntel] [Scanner     ] [INFO] - Quét hoàn tất. Đã cập nhật trạng thái của 2 node đang hoạt động.
2025-07-24 15:09:44,330 [NetworkIntel] [Scanner     ] [INFO] - Quét hoàn tất. Đã cập nhật trạng thái của 2 node đang hoạt động.
2025-07-24 15:09:59,368 [NetworkIntel] [Scanner     ] [INFO] - Quét hoàn tất. Đã cập nhật trạng thái của 2 node đang hoạt động.
2025-07-24 15:10:14,386 [NetworkIntel] [Scanner     ] [INFO] - Quét hoàn tất. Đã cập nhật trạng thái của 2 node đang hoạt động.
2025-07-24 15:10:29,429 [NetworkIntel] [Scanner     ] [INFO] - Quét hoàn tất. Đã cập nhật trạng thái của 2 node đang hoạt động.
2025-07-24 15:10:44,474 [NetworkIntel] [Scanner     ] [INFO] - Quét hoàn tất. Đã cập nhật trạng thái của 2 node đang hoạt động.
2025-07-24 15:10:59,510 [NetworkIntel] [Scanner     ] [INFO] - Quét hoàn tất. Đã cập nhật trạng thái của 2 node đang hoạt động.
2025-07-24 15:11:14,547 [NetworkIntel] [Scanner     ] [INFO] - Quét hoàn tất. Đã cập nhật trạng thái của 2 node đang hoạt động.
2025-07-24 15:11:29,580 [NetworkIntel] [Scanner     ] [INFO] - Quét hoàn tất. Đã cập nhật trạng thái của 2 node đang hoạt động.
2025-07-24 15:11:44,614 [NetworkIntel] [Scanner     ] [INFO] - Quét hoàn tất. Đã cập nhật trạng thái của 2 node đang hoạt động.
2025-07-24 15:11:48,242 [NetworkIntel] [waitress-3  ] [INFO] - Truy vấn số dư cho SO04fabbd2... từ node tốt nhất: http://192.168.1.222:5792
2025-07-24 15:11:59,660 [NetworkIntel] [Scanner     ] [INFO] - Quét hoàn tất. Đã cập nhật trạng thái của 2 node đang hoạt động.
2025-07-24 15:12:14,704 [NetworkIntel] [Scanner     ] [INFO] - Quét hoàn tất. Đã cập nhật trạng thái của 2 node đang hoạt động.
2025-07-24 15:12:29,748 [NetworkIntel] [Scanner     ] [INFO] - Quét hoàn tất. Đã cập nhật trạng thái của 2 node đang hoạt động.
2025-07-24 15:12:44,783 [NetworkIntel] [Scanner     ] [INFO] - Quét hoàn tất. Đã cập nhật trạng thái của 2 node đang hoạt động.
2025-07-24 15:12:59,813 [NetworkIntel] [Scanner     ] [INFO] - Quét hoàn tất. Đã cập nhật trạng thái của 2 node đang hoạt động.
2025-07-24 15:13:14,833 [NetworkIntel] [Scanner     ] [INFO] - Quét hoàn tất. Đã cập nhật trạng thái của 2 node đang hoạt động.
2025-07-24 15:13:29,864 [NetworkIntel] [Scanner     ] [INFO] - Quét hoàn tất. Đã cập nhật trạng thái của 2 node đang hoạt động.
2025-07-24 15:13:44,895 [NetworkIntel] [Scanner     ] [INFO] - Quét hoàn tất. Đã cập nhật trạng thái của 2 node đang hoạt động.
2025-07-24 15:13:59,929 [NetworkIntel] [Scanner     ] [INFO] - Quét hoàn tất. Đã cập nhật trạng thái của 2 node đang hoạt động.
2025-07-24 15:14:08,594 [NetworkIntel] [waitress-4  ] [INFO] - Truy vấn số dư cho SO04fabbd2... từ node tốt nhất: http://192.168.1.222:5792
2025-07-24 15:14:14,953 [NetworkIntel] [Scanner     ] [INFO] - Quét hoàn tất. Đã cập nhật trạng thái của 2 node đang hoạt động.
2025-07-24 15:14:29,984 [NetworkIntel] [Scanner     ] [INFO] - Quét hoàn tất. Đã cập nhật trạng thái của 2 node đang hoạt động.
2025-07-24 15:14:45,005 [NetworkIntel] [Scanner     ] [INFO] - Quét hoàn tất. Đã cập nhật trạng thái của 2 node đang hoạt động.
2025-07-24 15:15:00,043 [NetworkIntel] [Scanner     ] [INFO] - Quét hoàn tất. Đã cập nhật trạng thái của 2 node đang hoạt động.
2025-07-24 15:15:15,074 [NetworkIntel] [Scanner     ] [INFO] - Quét hoàn tất. Đã cập nhật trạng thái của 2 node đang hoạt động.
2025-07-24 15:15:30,108 [NetworkIntel] [Scanner     ] [INFO] - Quét hoàn tất. Đã cập nhật trạng thái của 2 node đang hoạt động.
2025-07-24 15:15:45,139 [NetworkIntel] [Scanner     ] [INFO] - Quét hoàn tất. Đã cập nhật trạng thái của 2 node đang hoạt động.
2025-07-24 15:16:00,177 [NetworkIntel] [Scanner     ] [INFO] - Quét hoàn tất. Đã cập nhật trạng thái của 2 node đang hoạt động.
2025-07-24 15:16:15,204 [NetworkIntel] [Scanner     ] [INFO] - Quét hoàn tất. Đã cập nhật trạng thái của 2 node đang hoạt động.
2025-07-24 15:16:30,236 [NetworkIntel] [Scanner     ] [INFO] - Quét hoàn tất. Đã cập nhật trạng thái của 2 node đang hoạt động.
2025-07-24 15:16:45,266 [NetworkIntel] [Scanner     ] [INFO] - Quét hoàn tất. Đã cập nhật trạng thái của 2 node đang hoạt động.
2025-07-24 15:17:00,303 [NetworkIntel] [Scanner     ] [INFO] - Quét hoàn tất. Đã cập nhật trạng thái của 2 node đang hoạt động.
2025-07-24 15:17:15,341 [NetworkIntel] [Scanner     ] [INFO] - Quét hoàn tất. Đã cập nhật trạng thái của 2 node đang hoạt động.
2025-07-24 15:17:30,372 [NetworkIntel] [Scanner     ] [INFO] - Quét hoàn tất. Đã cập nhật trạng thái của 2 node đang hoạt động.
2025-07-24 15:17:45,419 [NetworkIntel] [Scanner     ] [INFO] - Quét hoàn tất. Đã cập nhật trạng thái của 2 node đang hoạt động.
2025-07-24 15:18:00,461 [NetworkIntel] [Scanner     ] [INFO] - Quét hoàn tất. Đã cập nhật trạng thái của 2 node đang hoạt động.
2025-07-24 15:18:15,500 [NetworkIntel] [Scanner     ] [INFO] - Quét hoàn tất. Đã cập nhật trạng thái của 2 node đang hoạt động.
2025-07-24 15:18:30,532 [NetworkIntel] [Scanner     ] [INFO] - Quét hoàn tất. Đã cập nhật trạng thái của 2 node đang hoạt động.
2025-07-24 15:18:45,558 [NetworkIntel] [Scanner     ] [INFO] - Quét hoàn tất. Đã cập nhật trạng thái của 2 node đang hoạt động.
2025-07-24 15:19:00,573 [NetworkIntel] [Scanner     ] [INFO] - Quét hoàn tất. Đã cập nhật trạng thái của 2 node đang hoạt động.
2025-07-24 15:19:15,605 [NetworkIntel] [Scanner     ] [INFO] - Quét hoàn tất. Đã cập nhật trạng thái của 2 node đang hoạt động.
2025-07-24 15:19:30,632 [NetworkIntel] [Scanner     ] [INFO] - Quét hoàn tất. Đã cập nhật trạng thái của 2 node đang hoạt động.
2025-07-24 15:19:45,673 [NetworkIntel] [Scanner     ] [INFO] - Quét hoàn tất. Đã cập nhật trạng thái của 2 node đang hoạt động.
2025-07-24 15:20:00,719 [NetworkIntel] [Scanner     ] [INFO] - Quét hoàn tất. Đã cập nhật trạng thái của 2 node đang hoạt động.
2025-07-24 15:20:15,743 [NetworkIntel] [Scanner     ] [INFO] - Quét hoàn tất. Đã cập nhật trạng thái của 2 node đang hoạt động.
2025-07-24 15:20:30,808 [NetworkIntel] [Scanner     ] [INFO] - Quét hoàn tất. Đã cập nhật trạng thái của 2 node đang hoạt động.
2025-07-24 15:20:45,847 [NetworkIntel] [Scanner     ] [INFO] - Quét hoàn tất. Đã cập nhật trạng thái của 2 node đang hoạt động.
2025-07-24 15:21:00,947 [NetworkIntel] [Scanner     ] [INFO] - Quét hoàn tất. Đã cập nhật trạng thái của 2 node đang hoạt động.
2025-07-24 15:21:15,986 [NetworkIntel] [Scanner     ] [INFO] - Quét hoàn tất. Đã cập nhật trạng thái của 2 node đang hoạt động.
2025-07-24 15:21:31,009 [NetworkIntel] [Scanner     ] [INFO] - Quét hoàn tất. Đã cập nhật trạng thái của 2 node đang hoạt động.
2025-07-24 15:21:46,041 [NetworkIntel] [Scanner     ] [INFO] - Quét hoàn tất. Đã cập nhật trạng thái của 2 node đang hoạt động.
2025-07-24 15:22:01,090 [NetworkIntel] [Scanner     ] [INFO] - Quét hoàn tất. Đã cập nhật trạng thái của 2 node đang hoạt động.
2025-07-24 15:22:16,145 [NetworkIntel] [Scanner     ] [INFO] - Quét hoàn tất. Đã cập nhật trạng thái của 2 node đang hoạt động.
2025-07-24 15:22:31,167 [NetworkIntel] [Scanner     ] [INFO] - Quét hoàn tất. Đã cập nhật trạng thái của 2 node đang hoạt động.
2025-07-24 15:22:46,197 [NetworkIntel] [Scanner     ] [INFO] - Quét hoàn tất. Đã cập nhật trạng thái của 2 node đang hoạt động.
2025-07-24 15:23:01,245 [NetworkIntel] [Scanner     ] [INFO] - Quét hoàn tất. Đã cập nhật trạng thái của 2 node đang hoạt động.
2025-07-24 15:23:16,303 [NetworkIntel] [Scanner     ] [INFO] - Quét hoàn tất. Đã cập nhật trạng thái của 2 node đang hoạt động.
2025-07-24 15:23:31,337 [NetworkIntel] [Scanner     ] [INFO] - Quét hoàn tất. Đã cập nhật trạng thái của 2 node đang hoạt động.
2025-07-24 15:23:46,358 [NetworkIntel] [Scanner     ] [INFO] - Quét hoàn tất. Đã cập nhật trạng thái của 2 node đang hoạt động.
2025-07-24 15:24:01,381 [NetworkIntel] [Scanner     ] [INFO] - Quét hoàn tất. Đã cập nhật trạng thái của 2 node đang hoạt động.
2025-07-24 15:24:16,412 [NetworkIntel] [Scanner     ] [INFO] - Quét hoàn tất. Đã cập nhật trạng thái của 2 node đang hoạt động.
2025-07-24 15:24:31,438 [NetworkIntel] [Scanner     ] [INFO] - Quét hoàn tất. Đã cập nhật trạng thái của 2 node đang hoạt động.
2025-07-24 15:24:46,460 [NetworkIntel] [Scanner     ] [INFO] - Quét hoàn tất. Đã cập nhật trạng thái của 2 node đang hoạt động.
2025-07-24 15:25:01,699 [NetworkIntel] [Scanner     ] [INFO] - Quét hoàn tất. Đã cập nhật trạng thái của 2 node đang hoạt động.
2025-07-24 15:25:16,728 [NetworkIntel] [Scanner     ] [INFO] - Quét hoàn tất. Đã cập nhật trạng thái của 2 node đang hoạt động.
2025-07-24 15:25:31,947 [NetworkIntel] [Scanner     ] [INFO] - Quét hoàn tất. Đã cập nhật trạng thái của 2 node đang hoạt động.
2025-07-24 15:25:46,969 [NetworkIntel] [Scanner     ] [INFO] - Quét hoàn tất. Đã cập nhật trạng thái của 2 node đang hoạt động.
2025-07-24 15:26:02,002 [NetworkIntel] [Scanner     ] [INFO] - Quét hoàn tất. Đã cập nhật trạng thái của 2 node đang hoạt động.
2025-07-24 15:26:17,048 [NetworkIntel] [Scanner     ] [INFO] - Quét hoàn tất. Đã cập nhật trạng thái của 2 node đang hoạt động.
2025-07-24 15:26:32,132 [NetworkIntel] [Scanner     ] [INFO] - Quét hoàn tất. Đã cập nhật trạng thái của 2 node đang hoạt động.
2025-07-24 15:26:47,153 [NetworkIntel] [Scanner     ] [INFO] - Quét hoàn tất. Đã cập nhật trạng thái của 2 node đang hoạt động.
2025-07-24 15:27:02,194 [NetworkIntel] [Scanner     ] [INFO] - Quét hoàn tất. Đã cập nhật trạng thái của 2 node đang hoạt động.
2025-07-24 15:27:17,240 [NetworkIntel] [Scanner     ] [INFO] - Quét hoàn tất. Đã cập nhật trạng thái của 2 node đang hoạt động.
2025-07-24 15:27:32,271 [NetworkIntel] [Scanner     ] [INFO] - Quét hoàn tất. Đã cập nhật trạng thái của 2 node đang hoạt động.
2025-07-24 15:27:47,298 [NetworkIntel] [Scanner     ] [INFO] - Quét hoàn tất. Đã cập nhật trạng thái của 2 node đang hoạt động.
2025-07-24 15:28:02,330 [NetworkIntel] [Scanner     ] [INFO] - Quét hoàn tất. Đã cập nhật trạng thái của 2 node đang hoạt động.
2025-07-24 15:28:17,367 [NetworkIntel] [Scanner     ] [INFO] - Quét hoàn tất. Đã cập nhật trạng thái của 2 node đang hoạt động.
2025-07-24 15:28:32,393 [NetworkIntel] [Scanner     ] [INFO] - Quét hoàn tất. Đã cập nhật trạng thái của 2 node đang hoạt động.
2025-07-24 15:28:47,420 [NetworkIntel] [Scanner     ] [INFO] - Quét hoàn tất. Đã cập nhật trạng thái của 2 node đang hoạt động.
2025-07-24 15:29:02,532 [NetworkIntel] [Scanner     ] [INFO] - Quét hoàn tất. Đã cập nhật trạng thái của 2 node đang hoạt động.
2025-07-24 15:29:17,580 [NetworkIntel] [Scanner     ] [INFO] - Quét hoàn tất. Đã cập nhật trạng thái của 2 node đang hoạt động.
2025-07-24 15:29:32,658 [NetworkIntel] [Scanner     ] [INFO] - Quét hoàn tất. Đã cập nhật trạng thái của 2 node đang hoạt động.
2025-07-24 15:29:47,689 [NetworkIntel] [Scanner     ] [INFO] - Quét hoàn tất. Đã cập nhật trạng thái của 2 node đang hoạt động.
2025-07-24 15:30:02,796 [NetworkIntel] [Scanner     ] [INFO] - Quét hoàn tất. Đã cập nhật trạng thái của 2 node đang hoạt động.
2025-07-24 15:30:17,825 [NetworkIntel] [Scanner     ] [INFO] - Quét hoàn tất. Đã cập nhật trạng thái của 2 node đang hoạt động.
2025-07-24 15:30:32,858 [NetworkIntel] [Scanner     ] [INFO] - Quét hoàn tất. Đã cập nhật trạng thái của 2 node đang hoạt động.
2025-07-24 15:30:47,873 [NetworkIntel] [Scanner     ] [INFO] - Quét hoàn tất. Đã cập nhật trạng thái của 2 node đang hoạt động.
2025-07-24 15:31:02,896 [NetworkIntel] [Scanner     ] [INFO] - Quét hoàn tất. Đã cập nhật trạng thái của 2 node đang hoạt động.
2025-07-24 15:31:17,946 [NetworkIntel] [Scanner     ] [INFO] - Quét hoàn tất. Đã cập nhật trạng thái của 2 node đang hoạt động.
2025-07-24 15:31:32,972 [NetworkIntel] [Scanner     ] [INFO] - Quét hoàn tất. Đã cập nhật trạng thái của 2 node đang hoạt động.
2025-07-24 15:31:48,005 [NetworkIntel] [Scanner     ] [INFO] - Quét hoàn tất. Đã cập nhật trạng thái của 2 node đang hoạt động.
2025-07-24 15:32:03,035 [NetworkIntel] [Scanner     ] [INFO] - Quét hoàn tất. Đã cập nhật trạng thái của 2 node đang hoạt động.
2025-07-24 15:32:18,085 [NetworkIntel] [Scanner     ] [INFO] - Quét hoàn tất. Đã cập nhật trạng thái của 2 node đang hoạt động.
2025-07-24 15:32:33,294 [NetworkIntel] [Scanner     ] [INFO] - Quét hoàn tất. Đã cập nhật trạng thái của 2 node đang hoạt động.
2025-07-24 15:32:48,346 [NetworkIntel] [Scanner     ] [INFO] - Quét hoàn tất. Đã cập nhật trạng thái của 2 node đang hoạt động.
2025-07-24 15:33:03,381 [NetworkIntel] [Scanner     ] [INFO] - Quét hoàn tất. Đã cập nhật trạng thái của 2 node đang hoạt động.
2025-07-24 15:33:18,407 [NetworkIntel] [Scanner     ] [INFO] - Quét hoàn tất. Đã cập nhật trạng thái của 2 node đang hoạt động.
2025-07-24 15:33:35,192 [NetworkIntel] [Scanner     ] [INFO] - Quét hoàn tất. Đã cập nhật trạng thái của 2 node đang hoạt động.
2025-07-24 15:33:50,252 [NetworkIntel] [Scanner     ] [INFO] - Quét hoàn tất. Đã cập nhật trạng thái của 2 node đang hoạt động.
2025-07-24 15:34:05,282 [NetworkIntel] [Scanner     ] [INFO] - Quét hoàn tất. Đã cập nhật trạng thái của 2 node đang hoạt động.
2025-07-24 15:34:20,339 [NetworkIntel] [Scanner     ] [INFO] - Quét hoàn tất. Đã cập nhật trạng thái của 2 node đang hoạt động.
2025-07-24 15:34:38,396 [NetworkIntel] [Scanner     ] [INFO] - Quét hoàn tất. Đã cập nhật trạng thái của 1 node đang hoạt động.
2025-07-24 15:34:56,432 [NetworkIntel] [Scanner     ] [INFO] - Quét hoàn tất. Đã cập nhật trạng thái của 1 node đang hoạt động.
2025-07-24 15:35:14,460 [NetworkIntel] [Scanner     ] [INFO] - Quét hoàn tất. Đã cập nhật trạng thái của 1 node đang hoạt động.
2025-07-24 15:35:32,503 [NetworkIntel] [Scanner     ] [INFO] - Quét hoàn tất. Đã cập nhật trạng thái của 1 node đang hoạt động.
2025-07-24 15:35:50,523 [NetworkIntel] [Scanner     ] [INFO] - Quét hoàn tất. Đã cập nhật trạng thái của 1 node đang hoạt động.
2025-07-24 15:36:08,559 [NetworkIntel] [Scanner     ] [INFO] - Quét hoàn tất. Đã cập nhật trạng thái của 1 node đang hoạt động.
2025-07-24 15:36:26,582 [NetworkIntel] [Scanner     ] [INFO] - Quét hoàn tất. Đã cập nhật trạng thái của 1 node đang hoạt động.
2025-07-24 15:36:44,608 [NetworkIntel] [Scanner     ] [INFO] - Quét hoàn tất. Đã cập nhật trạng thái của 1 node đang hoạt động.
2025-07-24 15:37:04,050 [NetworkIntel] [Scanner     ] [INFO] - Quét hoàn tất. Đã cập nhật trạng thái của 1 node đang hoạt động.
2025-07-24 15:37:22,087 [NetworkIntel] [Scanner     ] [INFO] - Quét hoàn tất. Đã cập nhật trạng thái của 1 node đang hoạt động.
2025-07-24 15:37:40,120 [NetworkIntel] [Scanner     ] [INFO] - Quét hoàn tất. Đã cập nhật trạng thái của 1 node đang hoạt động.
2025-07-24 15:37:58,144 [NetworkIntel] [Scanner     ] [INFO] - Quét hoàn tất. Đã cập nhật trạng thái của 1 node đang hoạt động.
2025-07-24 15:38:19,169 [NetworkIntel] [Scanner     ] [WARNING] - Quét hoàn tất. Không tìm thấy node SOKchain nào đang hoạt động.
2025-07-24 15:38:40,209 [NetworkIntel] [Scanner     ] [WARNING] - Quét hoàn tất. Không tìm thấy node SOKchain nào đang hoạt động.
2025-07-24 15:39:01,241 [NetworkIntel] [Scanner     ] [WARNING] - Quét hoàn tất. Không tìm thấy node SOKchain nào đang hoạt động.
2025-07-24 15:39:22,264 [NetworkIntel] [Scanner     ] [WARNING] - Quét hoàn tất. Không tìm thấy node SOKchain nào đang hoạt động.
2025-07-24 15:39:43,293 [NetworkIntel] [Scanner     ] [WARNING] - Quét hoàn tất. Không tìm thấy node SOKchain nào đang hoạt động.
2025-07-24 15:40:04,321 [NetworkIntel] [Scanner     ] [WARNING] - Quét hoàn tất. Không tìm thấy node SOKchain nào đang hoạt động.
2025-07-24 15:40:25,362 [NetworkIntel] [Scanner     ] [WARNING] - Quét hoàn tất. Không tìm thấy node SOKchain nào đang hoạt động.
2025-07-24 15:40:46,397 [NetworkIntel] [Scanner     ] [WARNING] - Quét hoàn tất. Không tìm thấy node SOKchain nào đang hoạt động.
2025-07-24 15:41:07,444 [NetworkIntel] [Scanner     ] [WARNING] - Quét hoàn tất. Không tìm thấy node SOKchain nào đang hoạt động.
2025-07-24 15:41:28,461 [NetworkIntel] [Scanner     ] [WARNING] - Quét hoàn tất. Không tìm thấy node SOKchain nào đang hoạt động.
2025-07-24 15:41:49,488 [NetworkIntel] [Scanner     ] [WARNING] - Quét hoàn tất. Không tìm thấy node SOKchain nào đang hoạt động.
2025-07-24 15:42:10,528 [NetworkIntel] [Scanner     ] [WARNING] - Quét hoàn tất. Không tìm thấy node SOKchain nào đang hoạt động.
2025-07-24 15:42:31,563 [NetworkIntel] [Scanner     ] [WARNING] - Quét hoàn tất. Không tìm thấy node SOKchain nào đang hoạt động.
2025-07-24 15:42:52,617 [NetworkIntel] [Scanner     ] [WARNING] - Quét hoàn tất. Không tìm thấy node SOKchain nào đang hoạt động.
2025-07-24 15:43:13,658 [NetworkIntel] [Scanner     ] [WARNING] - Quét hoàn tất. Không tìm thấy node SOKchain nào đang hoạt động.
2025-07-24 15:43:34,724 [NetworkIntel] [Scanner     ] [WARNING] - Quét hoàn tất. Không tìm thấy node SOKchain nào đang hoạt động.
2025-07-24 15:43:55,753 [NetworkIntel] [Scanner     ] [WARNING] - Quét hoàn tất. Không tìm thấy node SOKchain nào đang hoạt động.
2025-07-24 15:44:16,780 [NetworkIntel] [Scanner     ] [WARNING] - Quét hoàn tất. Không tìm thấy node SOKchain nào đang hoạt động.
2025-07-24 15:44:37,823 [NetworkIntel] [Scanner     ] [WARNING] - Quét hoàn tất. Không tìm thấy node SOKchain nào đang hoạt động.
2025-07-24 15:44:58,877 [NetworkIntel] [Scanner     ] [WARNING] - Quét hoàn tất. Không tìm thấy node SOKchain nào đang hoạt động.
2025-07-24 15:45:19,930 [NetworkIntel] [Scanner     ] [WARNING] - Quét hoàn tất. Không tìm thấy node SOKchain nào đang hoạt động.
2025-07-24 15:45:40,967 [NetworkIntel] [Scanner     ] [WARNING] - Quét hoàn tất. Không tìm thấy node SOKchain nào đang hoạt động.
2025-07-24 15:46:02,013 [NetworkIntel] [Scanner     ] [WARNING] - Quét hoàn tất. Không tìm thấy node SOKchain nào đang hoạt động.
2025-07-24 15:46:23,067 [NetworkIntel] [Scanner     ] [WARNING] - Quét hoàn tất. Không tìm thấy node SOKchain nào đang hoạt động.
2025-07-24 15:46:44,102 [NetworkIntel] [Scanner     ] [WARNING] - Quét hoàn tất. Không tìm thấy node SOKchain nào đang hoạt động.
2025-07-24 15:47:05,135 [NetworkIntel] [Scanner     ] [WARNING] - Quét hoàn tất. Không tìm thấy node SOKchain nào đang hoạt động.
2025-07-24 15:47:26,187 [NetworkIntel] [Scanner     ] [WARNING] - Quét hoàn tất. Không tìm thấy node SOKchain nào đang hoạt động.
2025-07-24 15:47:47,229 [NetworkIntel] [Scanner     ] [WARNING] - Quét hoàn tất. Không tìm thấy node SOKchain nào đang hoạt động.
2025-07-24 15:48:08,270 [NetworkIntel] [Scanner     ] [WARNING] - Quét hoàn tất. Không tìm thấy node SOKchain nào đang hoạt động.
2025-07-24 15:48:29,307 [NetworkIntel] [Scanner     ] [WARNING] - Quét hoàn tất. Không tìm thấy node SOKchain nào đang hoạt động.
2025-07-24 15:48:50,345 [NetworkIntel] [Scanner     ] [WARNING] - Quét hoàn tất. Không tìm thấy node SOKchain nào đang hoạt động.
2025-07-24 15:49:11,362 [NetworkIntel] [Scanner     ] [WARNING] - Quét hoàn tất. Không tìm thấy node SOKchain nào đang hoạt động.
2025-07-24 15:49:32,403 [NetworkIntel] [Scanner     ] [WARNING] - Quét hoàn tất. Không tìm thấy node SOKchain nào đang hoạt động.
2025-07-24 15:49:53,450 [NetworkIntel] [Scanner     ] [WARNING] - Quét hoàn tất. Không tìm thấy node SOKchain nào đang hoạt động.
2025-07-24 15:50:14,524 [NetworkIntel] [Scanner     ] [WARNING] - Quét hoàn tất. Không tìm thấy node SOKchain nào đang hoạt động.
2025-07-24 15:50:35,568 [NetworkIntel] [Scanner     ] [WARNING] - Quét hoàn tất. Không tìm thấy node SOKchain nào đang hoạt động.
2025-07-24 15:50:56,603 [NetworkIntel] [Scanner     ] [WARNING] - Quét hoàn tất. Không tìm thấy node SOKchain nào đang hoạt động.
2025-07-24 15:51:17,650 [NetworkIntel] [Scanner     ] [WARNING] - Quét hoàn tất. Không tìm thấy node SOKchain nào đang hoạt động.
2025-07-24 15:51:38,716 [NetworkIntel] [Scanner     ] [WARNING] - Quét hoàn tất. Không tìm thấy node SOKchain nào đang hoạt động.
2025-07-24 15:51:59,767 [NetworkIntel] [Scanner     ] [WARNING] - Quét hoàn tất. Không tìm thấy node SOKchain nào đang hoạt động.
2025-07-24 15:52:20,796 [NetworkIntel] [Scanner     ] [WARNING] - Quét hoàn tất. Không tìm thấy node SOKchain nào đang hoạt động.
2025-07-24 15:52:41,857 [NetworkIntel] [Scanner     ] [WARNING] - Quét hoàn tất. Không tìm thấy node SOKchain nào đang hoạt động.
2025-07-24 15:53:02,903 [NetworkIntel] [Scanner     ] [WARNING] - Quét hoàn tất. Không tìm thấy node SOKchain nào đang hoạt động.
2025-07-24 15:53:23,935 [NetworkIntel] [Scanner     ] [WARNING] - Quét hoàn tất. Không tìm thấy node SOKchain nào đang hoạt động.
2025-07-24 15:53:44,984 [NetworkIntel] [Scanner     ] [WARNING] - Quét hoàn tất. Không tìm thấy node SOKchain nào đang hoạt động.
2025-07-24 15:54:06,021 [NetworkIntel] [Scanner     ] [WARNING] - Quét hoàn tất. Không tìm thấy node SOKchain nào đang hoạt động.
2025-07-24 15:54:27,039 [NetworkIntel] [Scanner     ] [WARNING] - Quét hoàn tất. Không tìm thấy node SOKchain nào đang hoạt động.
2025-07-24 15:54:48,080 [NetworkIntel] [Scanner     ] [WARNING] - Quét hoàn tất. Không tìm thấy node SOKchain nào đang hoạt động.
2025-07-24 15:55:09,123 [NetworkIntel] [Scanner     ] [WARNING] - Quét hoàn tất. Không tìm thấy node SOKchain nào đang hoạt động.
2025-07-24 15:55:30,158 [NetworkIntel] [Scanner     ] [WARNING] - Quét hoàn tất. Không tìm thấy node SOKchain nào đang hoạt động.
2025-07-24 15:55:51,197 [NetworkIntel] [Scanner     ] [WARNING] - Quét hoàn tất. Không tìm thấy node SOKchain nào đang hoạt động.
2025-07-24 15:56:12,235 [NetworkIntel] [Scanner     ] [WARNING] - Quét hoàn tất. Không tìm thấy node SOKchain nào đang hoạt động.
2025-07-24 15:56:33,285 [NetworkIntel] [Scanner     ] [WARNING] - Quét hoàn tất. Không tìm thấy node SOKchain nào đang hoạt động.
2025-07-24 15:56:54,313 [NetworkIntel] [Scanner     ] [WARNING] - Quét hoàn tất. Không tìm thấy node SOKchain nào đang hoạt động.
2025-07-24 15:57:15,366 [NetworkIntel] [Scanner     ] [WARNING] - Quét hoàn tất. Không tìm thấy node SOKchain nào đang hoạt động.
2025-07-24 15:57:36,418 [NetworkIntel] [Scanner     ] [WARNING] - Quét hoàn tất. Không tìm thấy node SOKchain nào đang hoạt động.
2025-07-24 15:57:57,472 [NetworkIntel] [Scanner     ] [WARNING] - Quét hoàn tất. Không tìm thấy node SOKchain nào đang hoạt động.
2025-07-24 15:58:18,494 [NetworkIntel] [Scanner     ] [WARNING] - Quét hoàn tất. Không tìm thấy node SOKchain nào đang hoạt động.
